<?xml version="1.0" encoding="UTF-8"?>
<!-- Generated by org.testng.reporters.JUnitReportReporter -->
<testsuite hostname="BOB" name="train1.Parame" tests="1" failures="0" timestamp="18 Aug 2016 07:04:25 GMT" time="0.015" errors="0">
  <testcase name="parameTest" time="0.015" classname="train1.Parame"/>
</testsuite> <!-- train1.Parame -->
