<?xml version="1.0" encoding="UTF-8"?>
<!-- Generated by org.testng.reporters.JUnitReportReporter -->
<testsuite hostname="BOB" name="train1.APPTest2" tests="2" failures="0" timestamp="18 Aug 2016 03:51:25 GMT" time="0.009" errors="0">
  <testcase name="test" time="0.006" classname="train1.APPTest2"/>
  <testcase name="test1" time="0.003" classname="train1.APPTest2"/>
</testsuite> <!-- train1.APPTest2 -->
