<?xml version="1.0" encoding="UTF-8"?>
<!-- Generated by org.testng.reporters.JUnitReportReporter -->
<testsuite hostname="BOB" name="train1.DataProviderTest" tests="4" failures="0" timestamp="18 Aug 2016 14:43:39 GMT" time="0.018" errors="0">
  <testcase name="Data2" time="0.003" classname="train1.DataProviderTest"/>
  <testcase name="Data1" time="0.002" classname="train1.DataProviderTest"/>
  <testcase name="Data1" time="0.010" classname="train1.DataProviderTest"/>
  <testcase name="Data2" time="0.003" classname="train1.DataProviderTest"/>
</testsuite> <!-- train1.DataProviderTest -->
