<?xml version="1.0" encoding="UTF-8"?>
<!-- Generated by org.testng.reporters.JUnitReportReporter -->
<testsuite hostname="BOB" name="train1.APPTest2" tests="2" failures="0" timestamp="17 Aug 2016 12:13:53 GMT" time="0.019" errors="0">
  <testcase name="test1" time="0.007" classname="train1.APPTest2"/>
  <testcase name="test" time="0.012" classname="train1.APPTest2"/>
</testsuite> <!-- train1.APPTest2 -->
