<?xml version="1.0" encoding="UTF-8"?>
<!-- Generated by org.testng.reporters.JUnitReportReporter -->
<testsuite hostname="BOB" name="train1.APPTest2" tests="1" failures="0" timestamp="17 Aug 2016 07:47:17 GMT" time="0.001" errors="0">
  <testcase name="test2" time="0.001" classname="train1.APPTest2"/>
</testsuite> <!-- train1.APPTest2 -->
