<?xml version="1.0" encoding="UTF-8"?>
<!-- Generated by org.testng.reporters.JUnitReportReporter -->
<testsuite hostname="BOB" name="train1.AppTest" tests="2" failures="0" timestamp="17 Aug 2016 07:47:17 GMT" time="0.016" errors="0">
  <testcase name="test1" time="0.000" classname="train1.AppTest"/>
  <testcase name="test" time="0.016" classname="train1.AppTest"/>
</testsuite> <!-- train1.AppTest -->
